+--------------------------+---------+--------------+---------------+--------------------------------+
| id                       | estRows | task         | access object | operator info                  |
+--------------------------+---------+--------------+---------------+--------------------------------+
| StreamAgg_9              | 1.00    | root         |               | funcs:count(1)->Column#4       |
| └─TableReader_17         | 1.00    | root         |               | data:TableFullScan_16          |
|   └─TableFullScan_16     | 1.00    | cop[tiflash] | table:t       | keep order:false, stats:pseudo |
+--------------------------+---------+--------------+---------------+--------------------------------+
