+-------------------+---------+------+---------------+---------------+
| id                | estRows | task | access object | operator info |
+-------------------+---------+------+---------------+---------------+
| Projection_3      | 1.00    | root |               | 1->Column#1   |
| └─TableDual_4     | 1.00    | root |               | rows:1        |
+-------------------+---------+------+---------------+---------------+
