+-----------------------+---------+-----------+---------------+----------------------+
| id                    | estRows | task      | access object | operator info        |
+-----------------------+---------+-----------+---------------+----------------------+
| TableReader_5         | 64.00   | root      |               | data:TableFullScan_4 |
| └─TableFullScan_4     | 64.00   | cop[tikv] | table:t1      | keep order:false     |
+-----------------------+---------+-----------+---------------+----------------------+
